NECB 2011-Outpatient-NECB HDD Method-CAN_MB_Winnipeg.718520_CWEC.epw-report.html		9af15ccd-e9b3-4d52-b005-4168de6236a2-report.html
NECB 2011-RetailStripmall-NECB HDD Method-CAN_PQ_Val.d.Or.717250_CWEC.epw-report.html		4adde5fd-626e-4ef6-ad42-9f2d4bdd3096-report.html
NECB 2011-SmallOffice-NECB HDD Method-CAN_BC_Vancouver.718920_CWEC.epw-report.html		98e5c702-e81d-4c11-a3b6-969b36831d31-report.html
NECB 2011-SecondarySchool-NECB HDD Method-CAN_ON_Ottawa.716280_CWEC.epw-report.html		8c2eb3e3-4064-49cf-94cd-84c4a09ddde0-report.html
NECB 2011-Hospital-NECB HDD Method-CAN_NF_St.Johns.718010_CWEC.epw-report.html		5ed49691-5fff-4b6d-83f4-bf5ddadb8b17-report.html
NECB 2011-PrimarySchool-NECB HDD Method-CAN_BC_Victoria.717990_CWEC.epw-report.html		31cc03ba-e961-46d5-89e3-9ff69fbee867-report.html
NECB 2011-MediumOffice-NECB HDD Method-CAN_MB_Winnipeg.718520_CWEC.epw-report.html		9c420ab0-f82a-4eee-8fce-33f454c8b323-report.html
NECB 2011-LargeOffice-NECB HDD Method-CAN_MB_Winnipeg.718520_CWEC.epw-report.html		19dc6655-307e-4607-b4b4-41d881114a79-report.html
NECB 2011-QuickServiceRestaurant-NECB HDD Method-CAN_BC_Victoria.717990_CWEC.epw-report.html		9860dcf0-f627-4a55-9b8f-a16850b8a0b2-report.html
NECB 2011-LargeHotel-NECB HDD Method-CAN_AB_Calgary.718770_CWEC.epw-report.html		8f324361-a81e-4d70-a292-3ae59b47ce4d-report.html
NECB 2011-QuickServiceRestaurant-NECB HDD Method-CAN_BC_Vancouver.718920_CWEC.epw-report.html		69a37fdc-ede6-4388-9256-4e4799979edd-report.html
NECB 2011-LargeOffice-NECB HDD Method-CAN_PQ_Montreal.Intl.AP.716270_CWEC.epw-report.html		96b3d9e1-0ed3-40a7-89a9-9eb03c93e859-report.html
NECB 2011-LargeHotel-NECB HDD Method-CAN_PQ_Montreal.Intl.AP.716270_CWEC.epw-report.html		1a004699-af23-4d7c-8d82-7753d692a32e-report.html
NECB 2011-FullServiceRestaurant-NECB HDD Method-CAN_AB_Calgary.718770_CWEC.epw-report.html		a240cf8d-ff68-4703-9479-099f8336bca2-report.html
NECB 2011-FullServiceRestaurant-NECB HDD Method-CAN_ON_Ottawa.716280_CWEC.epw-report.html		c0a4749e-209c-484b-be89-5038d7f99797-report.html
NECB 2011-MidriseApartment-NECB HDD Method-CAN_ON_Toronto.716240_CWEC.epw-report.html		7da41f67-c86a-4af0-9baf-331359ee1d88-report.html
NECB 2011-LargeHotel-NECB HDD Method-CAN_BC_Victoria.717990_CWEC.epw-report.html		6ea9b814-c7c8-4427-a731-d7df1691a6eb-report.html
NECB 2011-PrimarySchool-NECB HDD Method-CAN_BC_Vancouver.718920_CWEC.epw-report.html		a90d8de7-2888-4f5e-aac3-38e07c77bf77-report.html
NECB 2011-Hospital-NECB HDD Method-CAN_PQ_Val.d.Or.717250_CWEC.epw-report.html		7af3e106-1729-4e15-9158-2d2fdcf26589-report.html
NECB 2011-LargeHotel-NECB HDD Method-CAN_BC_Vancouver.718920_CWEC.epw-report.html		307a3ffe-3c6c-482e-b5b8-696fe240b9f9-report.html
NECB 2011-Hospital-NECB HDD Method-CAN_BC_Vancouver.718920_CWEC.epw-report.html		210ab23f-ab46-41e8-9f7b-954b990a4ea0-report.html
NECB 2011-RetailStripmall-NECB HDD Method-CAN_AB_Calgary.718770_CWEC.epw-report.html		78212df7-605c-4687-8491-b1759e744a23-report.html
NECB 2011-HighriseApartment-NECB HDD Method-CAN_PQ_Val.d.Or.717250_CWEC.epw-report.html		c29bb04e-22d5-4557-be25-7ddbfbe77c93-report.html
NECB 2011-MediumOffice-NECB HDD Method-CAN_ON_Ottawa.716280_CWEC.epw-report.html		fed73d89-87f2-44f9-a9df-bfb9b9d1174f-report.html
NECB 2011-Outpatient-NECB HDD Method-CAN_BC_Victoria.717990_CWEC.epw-report.html		6a1cf339-f43b-4ff0-b988-1d8de3dbf819-report.html
NECB 2011-LargeOffice-NECB HDD Method-CAN_AB_Calgary.718770_CWEC.epw-report.html		2a8c21fa-befd-4464-8764-5414ad0896f1-report.html
NECB 2011-Hospital-NECB HDD Method-CAN_ON_Toronto.716240_CWEC.epw-report.html		940ba861-f820-4385-9f32-9d685916fd57-report.html
NECB 2011-RetailStripmall-NECB HDD Method-CAN_ON_Toronto.716240_CWEC.epw-report.html		0c6efb32-6e35-4d8e-9f28-05e9ab19f337-report.html
NECB 2011-RetailStandalone-NECB HDD Method-CAN_ON_Ottawa.716280_CWEC.epw-report.html		dedf7b44-63ce-43c8-976e-249db1553bbf-report.html
NECB 2011-SecondarySchool-NECB HDD Method-CAN_AB_Calgary.718770_CWEC.epw-report.html		787babce-0d14-496a-a4c3-9a9f52ae1619-report.html
NECB 2011-Outpatient-NECB HDD Method-CAN_AB_Calgary.718770_CWEC.epw-report.html		f3de728a-57da-46cd-9b3f-0624244c4062-report.html
NECB 2011-FullServiceRestaurant-NECB HDD Method-CAN_PQ_Montreal.Intl.AP.716270_CWEC.epw-report.html		c0f0cb99-5cda-40ed-b4b8-8bb761af3bf6-report.html
NECB 2011-PrimarySchool-NECB HDD Method-CAN_ON_Toronto.716240_CWEC.epw-report.html		97f43cbb-60bb-47b9-8202-11c9f657840d-report.html
NECB 2011-SmallHotel-NECB HDD Method-CAN_BC_Victoria.717990_CWEC.epw-report.html		def66ad8-f2d1-4a05-a35b-f68e273eaa1c-report.html
NECB 2011-Outpatient-NECB HDD Method-CAN_NF_St.Johns.718010_CWEC.epw-report.html		43732907-e4ea-4cd9-a441-c7fc87589768-report.html
NECB 2011-PrimarySchool-NECB HDD Method-CAN_PQ_Val.d.Or.717250_CWEC.epw-report.html		c2349f91-3748-4ac1-93ec-198bce329cf4-report.html
NECB 2011-RetailStandalone-NECB HDD Method-CAN_NF_St.Johns.718010_CWEC.epw-report.html		80e8d380-5afc-48a6-b415-f2f86ceb20a0-report.html
NECB 2011-HighriseApartment-NECB HDD Method-CAN_MB_Winnipeg.718520_CWEC.epw-report.html		c7b4e965-d953-4804-9a05-578744fafe9a-report.html
NECB 2011-LargeHotel-NECB HDD Method-CAN_PQ_Val.d.Or.717250_CWEC.epw-report.html		94832ef2-1824-4ee7-9eef-2d1a1d45d815-report.html
NECB 2011-FullServiceRestaurant-NECB HDD Method-CAN_NF_St.Johns.718010_CWEC.epw-report.html		f53381df-5bdc-4b2c-b778-2f1d55621429-report.html
NECB 2011-RetailStandalone-NECB HDD Method-CAN_AB_Calgary.718770_CWEC.epw-report.html		2b5e073d-9db6-408a-afc9-a295befa4de4-report.html
NECB 2011-Warehouse-NECB HDD Method-CAN_BC_Vancouver.718920_CWEC.epw-report.html		12d4066f-dffe-40ce-87ae-30ca17d40c90-report.html
NECB 2011-MidriseApartment-NECB HDD Method-CAN_PQ_Montreal.Intl.AP.716270_CWEC.epw-report.html		a93b5dab-c122-4fbe-b08b-70756e073dfa-report.html
NECB 2011-MidriseApartment-NECB HDD Method-CAN_AB_Calgary.718770_CWEC.epw-report.html		c62b756c-5c4c-41db-9965-418c9827ce00-report.html
NECB 2011-PrimarySchool-NECB HDD Method-CAN_NF_St.Johns.718010_CWEC.epw-report.html		5eac6316-dbc0-4a31-86d6-59fd16226c50-report.html
NECB 2011-Warehouse-NECB HDD Method-CAN_ON_Ottawa.716280_CWEC.epw-report.html		02cc61a7-44e9-48fc-b978-72fb5849d2fc-report.html
NECB 2011-RetailStandalone-NECB HDD Method-CAN_PQ_Val.d.Or.717250_CWEC.epw-report.html		a29c71d0-9de1-449d-a0fb-ce887668429c-report.html
NECB 2011-SecondarySchool-NECB HDD Method-CAN_ON_Toronto.716240_CWEC.epw-report.html		edc4582b-59c4-479e-b098-9557ac626c45-report.html
NECB 2011-FullServiceRestaurant-NECB HDD Method-CAN_MB_Winnipeg.718520_CWEC.epw-report.html		aadab059-7936-42bd-9713-c0257303a3fc-report.html
NECB 2011-MidriseApartment-NECB HDD Method-CAN_BC_Victoria.717990_CWEC.epw-report.html		1e493e66-ff47-4d2b-88be-1094e98074af-report.html
NECB 2011-QuickServiceRestaurant-NECB HDD Method-CAN_MB_Winnipeg.718520_CWEC.epw-report.html		b14de95a-c8ed-4804-a8ab-1f93511921fb-report.html
NECB 2011-Warehouse-NECB HDD Method-CAN_PQ_Montreal.Intl.AP.716270_CWEC.epw-report.html		d77321f2-a9c9-4029-bbfd-905ed0753d49-report.html
NECB 2011-SecondarySchool-NECB HDD Method-CAN_NF_St.Johns.718010_CWEC.epw-report.html		c98e0b3e-581c-4aff-b4ac-6f8661765c17-report.html
NECB 2011-HighriseApartment-NECB HDD Method-CAN_AB_Calgary.718770_CWEC.epw-report.html		353d8cf9-9e29-4e71-95c9-91012051f5e0-report.html
NECB 2011-HighriseApartment-NECB HDD Method-CAN_BC_Vancouver.718920_CWEC.epw-report.html		b190b3bc-d459-4506-ab86-5704a5b4a5a6-report.html
NECB 2011-MediumOffice-NECB HDD Method-CAN_NF_Gander.718030_CWEC.epw-report.html		4c52b867-2e3b-4204-a687-ee0b56c60b56-report.html
NECB 2011-Warehouse-NECB HDD Method-CAN_AB_Calgary.718770_CWEC.epw-report.html		c0763750-2cdf-4cac-946e-b5438cbe94b9-report.html
NECB 2011-RetailStripmall-NECB HDD Method-CAN_ON_Ottawa.716280_CWEC.epw-report.html		8768db71-f7ed-4797-ae0b-602ecb43fd07-report.html
NECB 2011-QuickServiceRestaurant-NECB HDD Method-CAN_ON_Toronto.716240_CWEC.epw-report.html		ad6b441b-2963-40c0-b99a-23055785ad8d-report.html
NECB 2011-MidriseApartment-NECB HDD Method-CAN_ON_Ottawa.716280_CWEC.epw-report.html		acaee2e5-148d-4ed7-bca7-cafd068f58b2-report.html
NECB 2011-HighriseApartment-NECB HDD Method-CAN_ON_Toronto.716240_CWEC.epw-report.html		bea5406a-be2d-49e2-965d-cd2e91d4ad06-report.html
NECB 2011-SmallHotel-NECB HDD Method-CAN_MB_Winnipeg.718520_CWEC.epw-report.html		0129510a-dc37-49c0-bbc1-68691a724838-report.html
NECB 2011-LargeHotel-NECB HDD Method-CAN_MB_Winnipeg.718520_CWEC.epw-report.html		3296028a-7ea4-487c-84d7-b54126b090d2-report.html
NECB 2011-SmallOffice-NECB HDD Method-CAN_ON_Toronto.716240_CWEC.epw-report.html		07e07268-da42-4896-9db9-30bc3e50f2aa-report.html
NECB 2011-Warehouse-NECB HDD Method-CAN_PQ_Val.d.Or.717250_CWEC.epw-report.html		26387d86-d435-4303-b9ed-9056abefb22f-report.html
NECB 2011-LargeHotel-NECB HDD Method-CAN_NF_Gander.718030_CWEC.epw-report.html		df993b34-bb3b-44a1-b0c9-252dd3f920e4-report.html
NECB 2011-SmallOffice-NECB HDD Method-CAN_ON_Ottawa.716280_CWEC.epw-report.html		c18974b7-6aa6-4a21-bd81-6d60701cf0a6-report.html
NECB 2011-SecondarySchool-NECB HDD Method-CAN_PQ_Montreal.Intl.AP.716270_CWEC.epw-report.html		1db61130-426e-48e9-a27b-d2c798987192-report.html
NECB 2011-RetailStandalone-NECB HDD Method-CAN_ON_Toronto.716240_CWEC.epw-report.html		fdf2dde2-5953-4878-831c-794396a23e35-report.html
NECB 2011-SmallHotel-NECB HDD Method-CAN_NF_Gander.718030_CWEC.epw-report.html		5ba60a9b-93e1-472e-bd88-f19d2a51ec88-report.html
NECB 2011-RetailStandalone-NECB HDD Method-CAN_BC_Vancouver.718920_CWEC.epw-report.html		01c69dee-c6fd-4fa1-aff6-0bcc8d9f5aa3-report.html
NECB 2011-LargeOffice-NECB HDD Method-CAN_PQ_Val.d.Or.717250_CWEC.epw-report.html		f746ad76-6fa2-4b7e-a0df-ca90d11902e5-report.html
NECB 2011-SmallHotel-NECB HDD Method-CAN_ON_Ottawa.716280_CWEC.epw-report.html		91ca70b1-d0cb-428c-b980-f3f3e5b8fac8-report.html
NECB 2011-FullServiceRestaurant-NECB HDD Method-CAN_ON_Toronto.716240_CWEC.epw-report.html		0f62a59f-53c9-4041-bfd6-5a5fbaf53d7e-report.html
NECB 2011-Warehouse-NECB HDD Method-CAN_MB_Winnipeg.718520_CWEC.epw-report.html		4cca92c8-8f43-4a2b-9e83-39dd98967038-report.html
NECB 2011-HighriseApartment-NECB HDD Method-CAN_ON_Ottawa.716280_CWEC.epw-report.html		21465042-0c22-4f9c-9876-24826418f15f-report.html
NECB 2011-SmallOffice-NECB HDD Method-CAN_PQ_Val.d.Or.717250_CWEC.epw-report.html		8e9fad54-7dc4-4544-b477-dbd4531ac67c-report.html
NECB 2011-SmallOffice-NECB HDD Method-CAN_MB_Winnipeg.718520_CWEC.epw-report.html		000bb9fd-8f14-4206-9da3-784c57af25c5-report.html
NECB 2011-SmallOffice-NECB HDD Method-CAN_NF_St.Johns.718010_CWEC.epw-report.html		0674ff3e-8bcb-41e8-ad3d-7013c0495bd5-report.html
NECB 2011-HighriseApartment-NECB HDD Method-CAN_NF_St.Johns.718010_CWEC.epw-report.html		02710acf-06e4-4333-9731-9388dafe1f40-report.html
NECB 2011-LargeOffice-NECB HDD Method-CAN_NF_St.Johns.718010_CWEC.epw-report.html		77456925-ae92-48f5-a255-d82abcf24166-report.html
NECB 2011-MediumOffice-NECB HDD Method-CAN_BC_Victoria.717990_CWEC.epw-report.html		5128e8ae-c0d2-4933-9d8c-0641211ac9ae-report.html
NECB 2011-Outpatient-NECB HDD Method-CAN_ON_Toronto.716240_CWEC.epw-report.html		623ba94e-e1a9-4320-8aeb-82c98286ab22-report.html
NECB 2011-SmallOffice-NECB HDD Method-CAN_AB_Calgary.718770_CWEC.epw-report.html		82b79481-f556-42f5-9f7c-329b1bb83f8a-report.html
NECB 2011-HighriseApartment-NECB HDD Method-CAN_BC_Victoria.717990_CWEC.epw-report.html		751337c1-11f3-4212-9278-e3222c645eeb-report.html
NECB 2011-Outpatient-NECB HDD Method-CAN_NF_Gander.718030_CWEC.epw-report.html		a05398f8-3bf0-4dfe-adad-61776873b681-report.html
NECB 2011-SmallHotel-NECB HDD Method-CAN_AB_Calgary.718770_CWEC.epw-report.html		1728df0d-dab2-49f8-8275-aae6b9418944-report.html
NECB 2011-LargeOffice-NECB HDD Method-CAN_ON_Ottawa.716280_CWEC.epw-report.html		fcadcd3e-f657-4c52-83c1-8947f29b4e37-report.html
NECB 2011-LargeHotel-NECB HDD Method-CAN_ON_Ottawa.716280_CWEC.epw-report.html		3bb8b537-a171-4a43-a37f-1bcd573dbd25-report.html
NECB 2011-Warehouse-NECB HDD Method-CAN_ON_Toronto.716240_CWEC.epw-report.html		0933bbf4-f117-4e4a-a13a-50e1c71602dc-report.html
NECB 2011-FullServiceRestaurant-NECB HDD Method-CAN_PQ_Val.d.Or.717250_CWEC.epw-report.html		8a8904ce-dd27-40a0-b0ad-7356f42d19b6-report.html
NECB 2011-Warehouse-NECB HDD Method-CAN_NF_St.Johns.718010_CWEC.epw-report.html		ab470418-5e39-4b0d-99a8-7d2ebd72cf2a-report.html
NECB 2011-LargeOffice-NECB HDD Method-CAN_ON_Toronto.716240_CWEC.epw-report.html		2edb8387-8a34-4d13-bfbd-dc2c812fdfff-report.html
NECB 2011-LargeHotel-NECB HDD Method-CAN_ON_Toronto.716240_CWEC.epw-report.html		070ce1f0-2716-46d1-baef-76d0507548e3-report.html
NECB 2011-Hospital-NECB HDD Method-CAN_AB_Calgary.718770_CWEC.epw-report.html		a49b6d77-92d2-4eb6-80ca-0d6d2cc7283e-report.html
NECB 2011-RetailStripmall-NECB HDD Method-CAN_BC_Victoria.717990_CWEC.epw-report.html		13fd1321-74c6-4e3a-aa8a-544a5e687b25-report.html
NECB 2011-MediumOffice-NECB HDD Method-CAN_ON_Toronto.716240_CWEC.epw-report.html		97d9f7b8-c620-4ae5-95e8-1c1d35fe23ab-report.html
NECB 2011-Outpatient-NECB HDD Method-CAN_ON_Ottawa.716280_CWEC.epw-report.html		a66230a5-361b-4862-af19-257b246cbb7d-report.html
NECB 2011-Outpatient-NECB HDD Method-CAN_PQ_Val.d.Or.717250_CWEC.epw-report.html		b94ca486-7472-4515-b160-fe961b3c3352-report.html
NECB 2011-SecondarySchool-NECB HDD Method-CAN_BC_Vancouver.718920_CWEC.epw-report.html		14af6dd8-a424-48a3-87b1-d8814b91ce5d-report.html
NECB 2011-MediumOffice-NECB HDD Method-CAN_BC_Vancouver.718920_CWEC.epw-report.html		b0e6709d-dffb-4b27-9b47-d842d39acee2-report.html
NECB 2011-SmallHotel-NECB HDD Method-CAN_ON_Toronto.716240_CWEC.epw-report.html		7d7cc793-d5e9-4408-833b-4b495b5e5bfb-report.html
NECB 2011-MidriseApartment-NECB HDD Method-CAN_NF_St.Johns.718010_CWEC.epw-report.html		2f257ad0-7f1a-44a0-99a1-cc3f4384a7ef-report.html
NECB 2011-LargeHotel-NECB HDD Method-CAN_NF_St.Johns.718010_CWEC.epw-report.html		536b4f5b-b672-485a-a5bd-8f5ae8e0af1a-report.html
NECB 2011-PrimarySchool-NECB HDD Method-CAN_AB_Calgary.718770_CWEC.epw-report.html		9d9af3cb-531b-4a2f-bafe-8072f31894e8-report.html
NECB 2011-MidriseApartment-NECB HDD Method-CAN_BC_Vancouver.718920_CWEC.epw-report.html		60f04381-882f-40c4-82bb-b629dc34cd31-report.html
NECB 2011-MidriseApartment-NECB HDD Method-CAN_NF_Gander.718030_CWEC.epw-report.html		e974fd82-9f11-4fd6-b3e7-0f894e3d0f1d-report.html
NECB 2011-Hospital-NECB HDD Method-CAN_MB_Winnipeg.718520_CWEC.epw-report.html		6eddfc1b-7b97-4d3d-b863-268c9b1a4f10-report.html
NECB 2011-MediumOffice-NECB HDD Method-CAN_AB_Calgary.718770_CWEC.epw-report.html		2b63a8e1-4343-4986-a6e3-44cd3f770b5e-report.html
NECB 2011-SecondarySchool-NECB HDD Method-CAN_BC_Victoria.717990_CWEC.epw-report.html		943d6489-0f0d-4e90-9df3-717f478230f1-report.html
NECB 2011-Hospital-NECB HDD Method-CAN_ON_Ottawa.716280_CWEC.epw-report.html		b521a13f-74fc-47fe-89b4-dc0d4c8f9145-report.html
NECB 2011-QuickServiceRestaurant-NECB HDD Method-CAN_PQ_Montreal.Intl.AP.716270_CWEC.epw-report.html		87bf0a80-5ccd-4d7d-8c2e-1981cea68a43-report.html
NECB 2011-QuickServiceRestaurant-NECB HDD Method-CAN_NF_St.Johns.718010_CWEC.epw-report.html		352f5408-91ea-4c78-8ddb-5763765a90c6-report.html
NECB 2011-RetailStandalone-NECB HDD Method-CAN_NF_Gander.718030_CWEC.epw-report.html		a672fa6b-5b8a-453d-9cd6-92ee542f0c90-report.html
NECB 2011-PrimarySchool-NECB HDD Method-CAN_NF_Gander.718030_CWEC.epw-report.html		f6966fd0-fa80-4a87-b5e3-e1cb0b9fa388-report.html
NECB 2011-FullServiceRestaurant-NECB HDD Method-CAN_BC_Victoria.717990_CWEC.epw-report.html		9c531d86-da0d-4037-b449-e949ddd6f509-report.html
NECB 2011-LargeOffice-NECB HDD Method-CAN_BC_Victoria.717990_CWEC.epw-report.html		b5822e67-4a0f-4aee-a31d-760002f7fb8e-report.html
NECB 2011-SmallHotel-NECB HDD Method-CAN_BC_Vancouver.718920_CWEC.epw-report.html		12941f6f-9399-489c-809a-cfe1287c84d4-report.html
NECB 2011-Outpatient-NECB HDD Method-CAN_BC_Vancouver.718920_CWEC.epw-report.html		c314d6d9-4d72-426a-b053-853319cf2783-report.html
NECB 2011-MidriseApartment-NECB HDD Method-CAN_PQ_Val.d.Or.717250_CWEC.epw-report.html		5f4bfb11-987b-41b3-a0b0-580f22ea65cc-report.html
NECB 2011-FullServiceRestaurant-NECB HDD Method-CAN_BC_Vancouver.718920_CWEC.epw-report.html		c0afaee4-cc43-4a76-9dab-9b63cc5e14c0-report.html
NECB 2011-SmallOffice-NECB HDD Method-CAN_BC_Victoria.717990_CWEC.epw-report.html		dea83f7e-1b8a-4ac8-bbfd-fc93c1c8a245-report.html
NECB 2011-PrimarySchool-NECB HDD Method-CAN_ON_Ottawa.716280_CWEC.epw-report.html		80306561-0fd6-4de9-9ad9-5b241b29436c-report.html
NECB 2011-Warehouse-NECB HDD Method-CAN_BC_Victoria.717990_CWEC.epw-report.html		21f1bee5-6e8a-4b30-ac55-4be2ec26d3dd-report.html
NECB 2011-LargeOffice-NECB HDD Method-CAN_NF_Gander.718030_CWEC.epw-report.html		3fd7224f-29a1-4561-ad78-d504af9222a4-report.html
NECB 2011-HighriseApartment-NECB HDD Method-CAN_PQ_Montreal.Intl.AP.716270_CWEC.epw-report.html		bee7fb96-5d37-4ef3-bd38-1ac7f99b262a-report.html
NECB 2011-SmallHotel-NECB HDD Method-CAN_NF_St.Johns.718010_CWEC.epw-report.html		520fc43d-593e-447f-8085-e10be829362e-report.html
NECB 2011-LargeOffice-NECB HDD Method-CAN_BC_Vancouver.718920_CWEC.epw-report.html		a00a3a0c-2f46-434f-8653-46c301c2a54a-report.html
NECB 2011-SecondarySchool-NECB HDD Method-CAN_MB_Winnipeg.718520_CWEC.epw-report.html		4b64a9b8-6c00-4c1e-9913-37685b36dd80-report.html
NECB 2011-RetailStripmall-NECB HDD Method-CAN_PQ_Montreal.Intl.AP.716270_CWEC.epw-report.html		a26d6486-9f25-4a2b-86e8-fba3d7e27da9-report.html
NECB 2011-Hospital-NECB HDD Method-CAN_NF_Gander.718030_CWEC.epw-report.html		de488f02-4aaf-44c1-b5ea-144551c5b079-report.html
NECB 2011-RetailStripmall-NECB HDD Method-CAN_MB_Winnipeg.718520_CWEC.epw-report.html		8b8dd890-2991-48ec-add0-9db9faa08472-report.html
NECB 2011-RetailStandalone-NECB HDD Method-CAN_PQ_Montreal.Intl.AP.716270_CWEC.epw-report.html		dca89b00-1e11-410d-b111-da0a73c3c9f3-report.html
NECB 2011-SecondarySchool-NECB HDD Method-CAN_NF_Gander.718030_CWEC.epw-report.html		daa881a4-bff2-462d-a018-21b0381dd027-report.html
NECB 2011-SmallHotel-NECB HDD Method-CAN_PQ_Montreal.Intl.AP.716270_CWEC.epw-report.html		a5bb4ba4-02d8-4dfe-90af-6ab4b269a3fd-report.html
NECB 2011-FullServiceRestaurant-NECB HDD Method-CAN_NF_Gander.718030_CWEC.epw-report.html		296719ea-7e5d-4ab0-b7ee-1074d0c0d601-report.html
NECB 2011-SmallHotel-NECB HDD Method-CAN_PQ_Val.d.Or.717250_CWEC.epw-report.html		29a925d3-3b0c-4281-bc4c-902b08712bf5-report.html
NECB 2011-Hospital-NECB HDD Method-CAN_BC_Victoria.717990_CWEC.epw-report.html		ebcfe536-d5bc-4e76-b76b-c40f67f72548-report.html
NECB 2011-MediumOffice-NECB HDD Method-CAN_PQ_Montreal.Intl.AP.716270_CWEC.epw-report.html		45d61a25-6a8b-46fc-b607-a5680a6a1d49-report.html
NECB 2011-QuickServiceRestaurant-NECB HDD Method-CAN_PQ_Val.d.Or.717250_CWEC.epw-report.html		c4cb236b-e720-42d1-b7e4-755806c75851-report.html
NECB 2011-Warehouse-NECB HDD Method-CAN_NF_Gander.718030_CWEC.epw-report.html		bf9e8291-490f-41bb-b210-38193fa58976-report.html
NECB 2011-PrimarySchool-NECB HDD Method-CAN_PQ_Montreal.Intl.AP.716270_CWEC.epw-report.html		d47beb25-b428-47bf-8d97-7513c35a18ea-report.html
NECB 2011-MediumOffice-NECB HDD Method-CAN_NF_St.Johns.718010_CWEC.epw-report.html		739bdc5c-50c1-4286-a709-bd9c6b6083b1-report.html
NECB 2011-QuickServiceRestaurant-NECB HDD Method-CAN_NF_Gander.718030_CWEC.epw-report.html		9f760dc2-47e8-48fc-a73e-0ad8dfb1b9a4-report.html
NECB 2011-SmallOffice-NECB HDD Method-CAN_NF_Gander.718030_CWEC.epw-report.html		30165669-e7ef-481c-a5fa-ddcabb31670c-report.html
NECB 2011-RetailStandalone-NECB HDD Method-CAN_BC_Victoria.717990_CWEC.epw-report.html		3b911ae1-13d0-4570-bd74-039cc5f9fc30-report.html
NECB 2011-RetailStripmall-NECB HDD Method-CAN_BC_Vancouver.718920_CWEC.epw-report.html		1bef4145-fc54-48ee-9c00-4420891e2f47-report.html
NECB 2011-RetailStripmall-NECB HDD Method-CAN_NF_Gander.718030_CWEC.epw-report.html		cc5e0289-28db-4671-a1d7-eba0dc32b425-report.html
NECB 2011-QuickServiceRestaurant-NECB HDD Method-CAN_ON_Ottawa.716280_CWEC.epw-report.html		a4ca0226-4c1a-4880-b32f-ca30a3c9ecc6-report.html
NECB 2011-MediumOffice-NECB HDD Method-CAN_PQ_Val.d.Or.717250_CWEC.epw-report.html		d46ad9c8-b09c-43d3-93df-4e787fec6216-report.html
NECB 2011-QuickServiceRestaurant-NECB HDD Method-CAN_AB_Calgary.718770_CWEC.epw-report.html		70b4174c-ca17-470e-b210-6daf88fc0ea1-report.html
NECB 2011-Outpatient-NECB HDD Method-CAN_PQ_Montreal.Intl.AP.716270_CWEC.epw-report.html		38e6603f-88a0-4edc-874a-fffa8b7d5e7c-report.html
NECB 2011-SecondarySchool-NECB HDD Method-CAN_PQ_Val.d.Or.717250_CWEC.epw-report.html		b5d7c46e-4ef4-410d-9c80-4e1b56d78cea-report.html
NECB 2011-HighriseApartment-NECB HDD Method-CAN_NF_Gander.718030_CWEC.epw-report.html		f229a8a7-004d-47ba-ab10-31dfde526019-report.html
NECB 2011-Hospital-NECB HDD Method-CAN_PQ_Montreal.Intl.AP.716270_CWEC.epw-report.html		d8a52531-ec34-446c-8974-efef3d820e9b-report.html
NECB 2011-RetailStandalone-NECB HDD Method-CAN_MB_Winnipeg.718520_CWEC.epw-report.html		95e3c23d-cff1-486a-bf84-8edd31acebed-report.html
NECB 2011-RetailStripmall-NECB HDD Method-CAN_NF_St.Johns.718010_CWEC.epw-report.html		b9a2df05-0432-4aba-ac49-7e500ed32ef0-report.html
NECB 2011-MidriseApartment-NECB HDD Method-CAN_MB_Winnipeg.718520_CWEC.epw-report.html		de104c7d-aa02-4a54-8d65-f10ba1a5aa2b-report.html
NECB 2011-SmallOffice-NECB HDD Method-CAN_PQ_Montreal.Intl.AP.716270_CWEC.epw-report.html		07c22df3-5f15-4e71-9a72-f58aa2fe0d63-report.html
NECB 2011-PrimarySchool-NECB HDD Method-CAN_MB_Winnipeg.718520_CWEC.epw-report.html		4070167a-ee80-43bb-941b-e2f137397598-report.html
